<?xml version="1.0" encoding="UTF-8"?>
<coverage generated="1661475328552" clover="3.2.0">
  <project timestamp="1661475328553" name="All files">
    <metrics statements="71" coveredstatements="63" conditionals="35" coveredconditionals="20" methods="31" coveredmethods="25" elements="137" coveredelements="108" complexity="0" loc="71" ncloc="71" packages="12" files="30" classes="30"/>
    <package name="assets.images">
      <metrics statements="2" coveredstatements="2" conditionals="0" coveredconditionals="0" methods="0" coveredmethods="0"/>
      <file name="index.ts" path="/Users/sami/Developer/Tasks/pipedrive/MasterDetail/assets/images/index.ts">
        <metrics statements="1" coveredstatements="1" conditionals="0" coveredconditionals="0" methods="0" coveredmethods="0"/>
        <line num="1" count="2" type="stmt"/>
      </file>
      <file name="logo.png" path="/Users/sami/Developer/Tasks/pipedrive/MasterDetail/assets/images/logo.png">
        <metrics statements="1" coveredstatements="1" conditionals="0" coveredconditionals="0" methods="0" coveredmethods="0"/>
        <line num="1" count="2" type="stmt"/>
      </file>
    </package>
    <package name="src.api">
      <metrics statements="13" coveredstatements="13" conditionals="0" coveredconditionals="0" methods="7" coveredmethods="7"/>
      <file name="client.ts" path="/Users/sami/Developer/Tasks/pipedrive/MasterDetail/src/api/client.ts">
        <metrics statements="3" coveredstatements="3" conditionals="0" coveredconditionals="0" methods="1" coveredmethods="1"/>
        <line num="4" count="2" type="stmt"/>
        <line num="9" count="2" type="stmt"/>
        <line num="10" count="10" type="stmt"/>
      </file>
      <file name="index.ts" path="/Users/sami/Developer/Tasks/pipedrive/MasterDetail/src/api/index.ts">
        <metrics statements="0" coveredstatements="0" conditionals="0" coveredconditionals="0" methods="0" coveredmethods="0"/>
      </file>
      <file name="requests.ts" path="/Users/sami/Developer/Tasks/pipedrive/MasterDetail/src/api/requests.ts">
        <metrics statements="10" coveredstatements="10" conditionals="0" coveredconditionals="0" methods="6" coveredmethods="6"/>
        <line num="11" count="2" type="stmt"/>
        <line num="16" count="2" type="stmt"/>
        <line num="17" count="2" type="stmt"/>
        <line num="19" count="2" type="stmt"/>
        <line num="22" count="2" type="stmt"/>
        <line num="23" count="4" type="stmt"/>
        <line num="25" count="1" type="stmt"/>
        <line num="28" count="2" type="stmt"/>
        <line num="29" count="4" type="stmt"/>
        <line num="31" count="1" type="stmt"/>
      </file>
    </package>
    <package name="src.components">
      <metrics statements="0" coveredstatements="0" conditionals="0" coveredconditionals="0" methods="0" coveredmethods="0"/>
      <file name="index.ts" path="/Users/sami/Developer/Tasks/pipedrive/MasterDetail/src/components/index.ts">
        <metrics statements="0" coveredstatements="0" conditionals="0" coveredconditionals="0" methods="0" coveredmethods="0"/>
      </file>
    </package>
    <package name="src.components.EmptyList">
      <metrics statements="3" coveredstatements="3" conditionals="0" coveredconditionals="0" methods="1" coveredmethods="1"/>
      <file name="EmptyList.tsx" path="/Users/sami/Developer/Tasks/pipedrive/MasterDetail/src/components/EmptyList/EmptyList.tsx">
        <metrics statements="3" coveredstatements="3" conditionals="0" coveredconditionals="0" methods="1" coveredmethods="1"/>
        <line num="7" count="3" type="stmt"/>
        <line num="8" count="2" type="stmt"/>
        <line num="22" count="3" type="stmt"/>
      </file>
      <file name="index.ts" path="/Users/sami/Developer/Tasks/pipedrive/MasterDetail/src/components/EmptyList/index.ts">
        <metrics statements="0" coveredstatements="0" conditionals="0" coveredconditionals="0" methods="0" coveredmethods="0"/>
      </file>
    </package>
    <package name="src.components.FallBacks">
      <metrics statements="7" coveredstatements="4" conditionals="2" coveredconditionals="0" methods="2" coveredmethods="0"/>
      <file name="ErrorBoundary.tsx" path="/Users/sami/Developer/Tasks/pipedrive/MasterDetail/src/components/FallBacks/ErrorBoundary.tsx">
        <metrics statements="4" coveredstatements="2" conditionals="2" coveredconditionals="0" methods="1" coveredmethods="0"/>
        <line num="12" count="3" type="stmt"/>
        <line num="14" count="0" type="cond" truecount="0" falsecount="2"/>
        <line num="25" count="0" type="stmt"/>
        <line num="37" count="3" type="stmt"/>
      </file>
      <file name="Suspense.tsx" path="/Users/sami/Developer/Tasks/pipedrive/MasterDetail/src/components/FallBacks/Suspense.tsx">
        <metrics statements="3" coveredstatements="2" conditionals="0" coveredconditionals="0" methods="1" coveredmethods="0"/>
        <line num="5" count="3" type="stmt"/>
        <line num="6" count="0" type="stmt"/>
        <line num="14" count="3" type="stmt"/>
      </file>
      <file name="index.ts" path="/Users/sami/Developer/Tasks/pipedrive/MasterDetail/src/components/FallBacks/index.ts">
        <metrics statements="0" coveredstatements="0" conditionals="0" coveredconditionals="0" methods="0" coveredmethods="0"/>
      </file>
    </package>
    <package name="src.components.Section">
      <metrics statements="2" coveredstatements="2" conditionals="2" coveredconditionals="2" methods="1" coveredmethods="1"/>
      <file name="Section.tsx" path="/Users/sami/Developer/Tasks/pipedrive/MasterDetail/src/components/Section/Section.tsx">
        <metrics statements="2" coveredstatements="2" conditionals="2" coveredconditionals="2" methods="1" coveredmethods="1"/>
        <line num="15" count="3" type="stmt"/>
        <line num="16" count="24" type="stmt"/>
      </file>
      <file name="index.ts" path="/Users/sami/Developer/Tasks/pipedrive/MasterDetail/src/components/Section/index.ts">
        <metrics statements="0" coveredstatements="0" conditionals="0" coveredconditionals="0" methods="0" coveredmethods="0"/>
      </file>
      <file name="styles.ts" path="/Users/sami/Developer/Tasks/pipedrive/MasterDetail/src/components/Section/styles.ts">
        <metrics statements="0" coveredstatements="0" conditionals="0" coveredconditionals="0" methods="0" coveredmethods="0"/>
      </file>
    </package>
    <package name="src.components.UserCard">
      <metrics statements="2" coveredstatements="2" conditionals="2" coveredconditionals="2" methods="1" coveredmethods="1"/>
      <file name="UserCard.tsx" path="/Users/sami/Developer/Tasks/pipedrive/MasterDetail/src/components/UserCard/UserCard.tsx">
        <metrics statements="2" coveredstatements="2" conditionals="2" coveredconditionals="2" methods="1" coveredmethods="1"/>
        <line num="17" count="3" type="stmt"/>
        <line num="24" count="8" type="stmt"/>
      </file>
      <file name="index.ts" path="/Users/sami/Developer/Tasks/pipedrive/MasterDetail/src/components/UserCard/index.ts">
        <metrics statements="0" coveredstatements="0" conditionals="0" coveredconditionals="0" methods="0" coveredmethods="0"/>
      </file>
      <file name="styles.ts" path="/Users/sami/Developer/Tasks/pipedrive/MasterDetail/src/components/UserCard/styles.ts">
        <metrics statements="0" coveredstatements="0" conditionals="0" coveredconditionals="0" methods="0" coveredmethods="0"/>
      </file>
    </package>
    <package name="src.screens">
      <metrics statements="0" coveredstatements="0" conditionals="0" coveredconditionals="0" methods="0" coveredmethods="0"/>
      <file name="index.ts" path="/Users/sami/Developer/Tasks/pipedrive/MasterDetail/src/screens/index.ts">
        <metrics statements="0" coveredstatements="0" conditionals="0" coveredconditionals="0" methods="0" coveredmethods="0"/>
      </file>
    </package>
    <package name="src.screens.Home">
      <metrics statements="16" coveredstatements="13" conditionals="4" coveredconditionals="1" methods="9" coveredmethods="7"/>
      <file name="Home.tsx" path="/Users/sami/Developer/Tasks/pipedrive/MasterDetail/src/screens/Home/Home.tsx">
        <metrics statements="16" coveredstatements="13" conditionals="4" coveredconditionals="1" methods="9" coveredmethods="7"/>
        <line num="12" count="2" type="stmt"/>
        <line num="13" count="4" type="stmt"/>
        <line num="15" count="4" type="stmt"/>
        <line num="17" count="2" type="stmt"/>
        <line num="20" count="10" type="stmt"/>
        <line num="24" count="4" type="stmt"/>
        <line num="25" count="4" type="stmt"/>
        <line num="29" count="0" type="stmt"/>
        <line num="33" count="4" type="stmt"/>
        <line num="34" count="0" type="cond" truecount="0" falsecount="2"/>
        <line num="35" count="0" type="stmt"/>
        <line num="39" count="4" type="stmt"/>
        <line num="40" count="7" type="stmt"/>
        <line num="43" count="4" type="stmt"/>
        <line num="53" count="3" type="stmt"/>
        <line num="55" count="4" type="stmt"/>
      </file>
      <file name="index.ts" path="/Users/sami/Developer/Tasks/pipedrive/MasterDetail/src/screens/Home/index.ts">
        <metrics statements="0" coveredstatements="0" conditionals="0" coveredconditionals="0" methods="0" coveredmethods="0"/>
      </file>
      <file name="styles.ts" path="/Users/sami/Developer/Tasks/pipedrive/MasterDetail/src/screens/Home/styles.ts">
        <metrics statements="0" coveredstatements="0" conditionals="0" coveredconditionals="0" methods="0" coveredmethods="0"/>
      </file>
    </package>
    <package name="src.screens.User">
      <metrics statements="12" coveredstatements="11" conditionals="14" coveredconditionals="9" methods="7" coveredmethods="6"/>
      <file name="User.tsx" path="/Users/sami/Developer/Tasks/pipedrive/MasterDetail/src/screens/User/User.tsx">
        <metrics statements="12" coveredstatements="11" conditionals="14" coveredconditionals="9" methods="7" coveredmethods="6"/>
        <line num="15" count="2" type="stmt"/>
        <line num="16" count="6" type="stmt"/>
        <line num="17" count="6" type="stmt"/>
        <line num="19" count="6" type="stmt"/>
        <line num="21" count="4" type="stmt"/>
        <line num="23" count="6" type="stmt"/>
        <line num="24" count="4" type="stmt"/>
        <line num="27" count="6" type="stmt"/>
        <line num="28" count="6" type="stmt"/>
        <line num="85" count="0" type="stmt"/>
        <line num="113" count="2" type="stmt"/>
        <line num="141" count="2" type="stmt"/>
      </file>
      <file name="index.ts" path="/Users/sami/Developer/Tasks/pipedrive/MasterDetail/src/screens/User/index.ts">
        <metrics statements="0" coveredstatements="0" conditionals="0" coveredconditionals="0" methods="0" coveredmethods="0"/>
      </file>
      <file name="styles.ts" path="/Users/sami/Developer/Tasks/pipedrive/MasterDetail/src/screens/User/styles.ts">
        <metrics statements="0" coveredstatements="0" conditionals="0" coveredconditionals="0" methods="0" coveredmethods="0"/>
      </file>
    </package>
    <package name="src.theme">
      <metrics statements="0" coveredstatements="0" conditionals="0" coveredconditionals="0" methods="0" coveredmethods="0"/>
      <file name="colors.ts" path="/Users/sami/Developer/Tasks/pipedrive/MasterDetail/src/theme/colors.ts">
        <metrics statements="0" coveredstatements="0" conditionals="0" coveredconditionals="0" methods="0" coveredmethods="0"/>
      </file>
      <file name="fonts.ts" path="/Users/sami/Developer/Tasks/pipedrive/MasterDetail/src/theme/fonts.ts">
        <metrics statements="0" coveredstatements="0" conditionals="0" coveredconditionals="0" methods="0" coveredmethods="0"/>
      </file>
      <file name="index.ts" path="/Users/sami/Developer/Tasks/pipedrive/MasterDetail/src/theme/index.ts">
        <metrics statements="0" coveredstatements="0" conditionals="0" coveredconditionals="0" methods="0" coveredmethods="0"/>
      </file>
    </package>
    <package name="src.utils">
      <metrics statements="14" coveredstatements="13" conditionals="11" coveredconditionals="6" methods="3" coveredmethods="2"/>
      <file name="index.ts" path="/Users/sami/Developer/Tasks/pipedrive/MasterDetail/src/utils/index.ts">
        <metrics statements="0" coveredstatements="0" conditionals="0" coveredconditionals="0" methods="0" coveredmethods="0"/>
      </file>
      <file name="responsive.ts" path="/Users/sami/Developer/Tasks/pipedrive/MasterDetail/src/utils/responsive.ts">
        <metrics statements="12" coveredstatements="12" conditionals="10" coveredconditionals="6" methods="2" coveredmethods="2"/>
        <line num="4" count="3" type="stmt"/>
        <line num="5" count="3" type="stmt"/>
        <line num="6" count="3" type="stmt"/>
        <line num="7" count="3" type="stmt"/>
        <line num="11" count="173" type="cond" truecount="1" falsecount="1"/>
        <line num="13" count="173" type="cond" truecount="1" falsecount="1"/>
        <line num="19" count="173" type="cond" truecount="3" falsecount="1"/>
        <line num="22" count="173" type="stmt"/>
        <line num="23" count="173" type="stmt"/>
        <line num="27" count="32" type="stmt"/>
        <line num="28" count="32" type="stmt"/>
        <line num="31" count="3" type="stmt"/>
      </file>
      <file name="toast.ts" path="/Users/sami/Developer/Tasks/pipedrive/MasterDetail/src/utils/toast.ts">
        <metrics statements="2" coveredstatements="1" conditionals="1" coveredconditionals="0" methods="1" coveredmethods="0"/>
        <line num="9" count="3" type="stmt"/>
        <line num="14" count="0" type="stmt"/>
      </file>
    </package>
  </project>
</coverage>
