{"/Users/sami/Developer/Tasks/pipedrive/MasterDetail/assets/images/index.ts": {"path":"/Users/sami/Developer/Tasks/pipedrive/MasterDetail/assets/images/index.ts","statementMap":{"0":{"start":{"line":1,"column":22},"end":{"line":3,"column":1}}},"fnMap":{},"branchMap":{},"s":{"0":1},"f":{},"b":{},"_coverageSchema":"1a1c01bbd47fc00a2c39e90264f33305004495a9","hash":"3f62ee8e3a5de6f72fbeef898dc4ef3a807249dc"}
,"/Users/sami/Developer/Tasks/pipedrive/MasterDetail/assets/images/logo.png": {"path":"/Users/sami/Developer/Tasks/pipedrive/MasterDetail/assets/images/logo.png","statementMap":{"0":{"start":{"line":1,"column":0},"end":{"line":4,"column":6}}},"fnMap":{},"branchMap":{},"s":{"0":1},"f":{},"b":{},"_coverageSchema":"1a1c01bbd47fc00a2c39e90264f33305004495a9","hash":"16472b890df5c39ebc90405e49734489ca6b0491"}
,"/Users/sami/Developer/Tasks/pipedrive/MasterDetail/src/api/client.ts": {"path":"/Users/sami/Developer/Tasks/pipedrive/MasterDetail/src/api/client.ts","statementMap":{"0":{"start":{"line":4,"column":22},"end":{"line":7,"column":2}},"1":{"start":{"line":9,"column":0},"end":{"line":17,"column":3}},"2":{"start":{"line":10,"column":2},"end":{"line":16,"column":4}}},"fnMap":{"0":{"name":"(anonymous_0)","decl":{"start":{"line":9,"column":32},"end":{"line":9,"column":33}},"loc":{"start":{"line":9,"column":64},"end":{"line":17,"column":1}},"line":9}},"branchMap":{},"s":{"0":1,"1":1,"2":3},"f":{"0":3},"b":{},"_coverageSchema":"1a1c01bbd47fc00a2c39e90264f33305004495a9","hash":"ca3e3a8a26d9dfdbfaa04b2bca9fe4d62229ab63"}
,"/Users/sami/Developer/Tasks/pipedrive/MasterDetail/src/api/endpoints.ts": {"path":"/Users/sami/Developer/Tasks/pipedrive/MasterDetail/src/api/endpoints.ts","statementMap":{"0":{"start":{"line":1,"column":27},"end":{"line":1,"column":37}}},"fnMap":{},"branchMap":{},"s":{"0":1},"f":{},"b":{},"_coverageSchema":"1a1c01bbd47fc00a2c39e90264f33305004495a9","hash":"010ef69570225309239fe5fb4569d7fbe4036ada"}
,"/Users/sami/Developer/Tasks/pipedrive/MasterDetail/src/api/index.ts": {"path":"/Users/sami/Developer/Tasks/pipedrive/MasterDetail/src/api/index.ts","statementMap":{},"fnMap":{},"branchMap":{},"s":{},"f":{},"b":{},"_coverageSchema":"1a1c01bbd47fc00a2c39e90264f33305004495a9","hash":"0136f839a96bb92eb92bb9f1fda874868613f16d"}
,"/Users/sami/Developer/Tasks/pipedrive/MasterDetail/src/api/requests.ts": {"path":"/Users/sami/Developer/Tasks/pipedrive/MasterDetail/src/api/requests.ts","statementMap":{"0":{"start":{"line":6,"column":26},"end":{"line":10,"column":1}},"1":{"start":{"line":9,"column":2},"end":{"line":9,"column":62}}},"fnMap":{"0":{"name":"(anonymous_0)","decl":{"start":{"line":6,"column":26},"end":{"line":6,"column":27}},"loc":{"start":{"line":8,"column":46},"end":{"line":10,"column":1}},"line":8}},"branchMap":{},"s":{"0":1,"1":3},"f":{"0":3},"b":{},"_coverageSchema":"1a1c01bbd47fc00a2c39e90264f33305004495a9","hash":"14acc517c70e78ce567dfe94064eeafc099d4277"}
,"/Users/sami/Developer/Tasks/pipedrive/MasterDetail/src/components/index.ts": {"path":"/Users/sami/Developer/Tasks/pipedrive/MasterDetail/src/components/index.ts","statementMap":{},"fnMap":{},"branchMap":{},"s":{},"f":{},"b":{},"_coverageSchema":"1a1c01bbd47fc00a2c39e90264f33305004495a9","hash":"cbcc92a3d19c249b3b23706f82bceb507018bca0"}
,"/Users/sami/Developer/Tasks/pipedrive/MasterDetail/src/components/EmptyList/EmptyList.tsx": {"path":"/Users/sami/Developer/Tasks/pipedrive/MasterDetail/src/components/EmptyList/EmptyList.tsx","statementMap":{"0":{"start":{"line":8,"column":25},"end":{"line":21,"column":1}},"1":{"start":{"line":9,"column":2},"end":{"line":20,"column":4}},"2":{"start":{"line":23,"column":15},"end":{"line":38,"column":2}}},"fnMap":{"0":{"name":"(anonymous_0)","decl":{"start":{"line":8,"column":25},"end":{"line":8,"column":26}},"loc":{"start":{"line":8,"column":31},"end":{"line":21,"column":1}},"line":8}},"branchMap":{},"s":{"0":2,"1":2,"2":2},"f":{"0":2},"b":{},"_coverageSchema":"1a1c01bbd47fc00a2c39e90264f33305004495a9","hash":"7707ac3ef8e21f75cd2122b544326d13721701be"}
,"/Users/sami/Developer/Tasks/pipedrive/MasterDetail/src/components/EmptyList/index.ts": {"path":"/Users/sami/Developer/Tasks/pipedrive/MasterDetail/src/components/EmptyList/index.ts","statementMap":{},"fnMap":{},"branchMap":{},"s":{},"f":{},"b":{},"_coverageSchema":"1a1c01bbd47fc00a2c39e90264f33305004495a9","hash":"1c2d606bfacedfe502522e0ab8cd7be2c50b1381"}
,"/Users/sami/Developer/Tasks/pipedrive/MasterDetail/src/components/UserCard/UserCard.tsx": {"path":"/Users/sami/Developer/Tasks/pipedrive/MasterDetail/src/components/UserCard/UserCard.tsx","statementMap":{"0":{"start":{"line":17,"column":24},"end":{"line":57,"column":1}},"1":{"start":{"line":24,"column":2},"end":{"line":56,"column":4}}},"fnMap":{"0":{"name":"(anonymous_0)","decl":{"start":{"line":17,"column":24},"end":{"line":17,"column":25}},"loc":{"start":{"line":23,"column":13},"end":{"line":57,"column":1}},"line":23}},"branchMap":{"0":{"loc":{"start":{"line":31,"column":9},"end":{"line":49,"column":9}},"type":"cond-expr","locations":[{"start":{"line":32,"column":10},"end":{"line":36,"column":12}},{"start":{"line":38,"column":10},"end":{"line":48,"column":17}}],"line":31}},"s":{"0":2,"1":6},"f":{"0":6},"b":{"0":[1,5]},"_coverageSchema":"1a1c01bbd47fc00a2c39e90264f33305004495a9","hash":"dfd88039ef06d814be2675e0fd38069875aba423"}
,"/Users/sami/Developer/Tasks/pipedrive/MasterDetail/src/components/UserCard/index.ts": {"path":"/Users/sami/Developer/Tasks/pipedrive/MasterDetail/src/components/UserCard/index.ts","statementMap":{},"fnMap":{},"branchMap":{},"s":{},"f":{},"b":{},"_coverageSchema":"1a1c01bbd47fc00a2c39e90264f33305004495a9","hash":"2803ba34b3bcf817638e8f1b803a4eaf590c6575"}
,"/Users/sami/Developer/Tasks/pipedrive/MasterDetail/src/components/UserCard/styles.ts": {"path":"/Users/sami/Developer/Tasks/pipedrive/MasterDetail/src/components/UserCard/styles.ts","statementMap":{},"fnMap":{},"branchMap":{},"s":{},"f":{},"b":{},"_coverageSchema":"1a1c01bbd47fc00a2c39e90264f33305004495a9","hash":"60873da5f806b9be34073d0115145dd473371b89"}
,"/Users/sami/Developer/Tasks/pipedrive/MasterDetail/src/screens/index.ts": {"path":"/Users/sami/Developer/Tasks/pipedrive/MasterDetail/src/screens/index.ts","statementMap":{},"fnMap":{},"branchMap":{},"s":{},"f":{},"b":{},"_coverageSchema":"1a1c01bbd47fc00a2c39e90264f33305004495a9","hash":"5c86cc92cb2b028f011cb69616577d741c16b1f6"}
,"/Users/sami/Developer/Tasks/pipedrive/MasterDetail/src/screens/Home/Home.tsx": {"path":"/Users/sami/Developer/Tasks/pipedrive/MasterDetail/src/screens/Home/Home.tsx","statementMap":{"0":{"start":{"line":11,"column":22},"end":{"line":11,"column":24}},"1":{"start":{"line":13,"column":13},"end":{"line":52,"column":1}},"2":{"start":{"line":14,"column":28},"end":{"line":14,"column":47}},"3":{"start":{"line":15,"column":35},"end":{"line":15,"column":59}},"4":{"start":{"line":16,"column":28},"end":{"line":16,"column":36}},"5":{"start":{"line":18,"column":21},"end":{"line":24,"column":3}},"6":{"start":{"line":19,"column":4},"end":{"line":23,"column":6}},"7":{"start":{"line":26,"column":23},"end":{"line":26,"column":67}},"8":{"start":{"line":26,"column":29},"end":{"line":26,"column":67}},"9":{"start":{"line":26,"column":46},"end":{"line":26,"column":66}},"10":{"start":{"line":28,"column":2},"end":{"line":51,"column":4}},"11":{"start":{"line":43,"column":34},"end":{"line":43,"column":50}},"12":{"start":{"line":44,"column":30},"end":{"line":44,"column":48}}},"fnMap":{"0":{"name":"(anonymous_0)","decl":{"start":{"line":13,"column":13},"end":{"line":13,"column":14}},"loc":{"start":{"line":13,"column":19},"end":{"line":52,"column":1}},"line":13},"1":{"name":"(anonymous_1)","decl":{"start":{"line":18,"column":21},"end":{"line":18,"column":22}},"loc":{"start":{"line":19,"column":4},"end":{"line":23,"column":6}},"line":19},"2":{"name":"(anonymous_2)","decl":{"start":{"line":26,"column":23},"end":{"line":26,"column":24}},"loc":{"start":{"line":26,"column":29},"end":{"line":26,"column":67}},"line":26},"3":{"name":"(anonymous_3)","decl":{"start":{"line":26,"column":38},"end":{"line":26,"column":39}},"loc":{"start":{"line":26,"column":46},"end":{"line":26,"column":66}},"line":26},"4":{"name":"(anonymous_4)","decl":{"start":{"line":43,"column":20},"end":{"line":43,"column":21}},"loc":{"start":{"line":43,"column":34},"end":{"line":43,"column":50}},"line":43},"5":{"name":"(anonymous_5)","decl":{"start":{"line":44,"column":22},"end":{"line":44,"column":23}},"loc":{"start":{"line":44,"column":30},"end":{"line":44,"column":48}},"line":44}},"branchMap":{"0":{"loc":{"start":{"line":28,"column":9},"end":{"line":51,"column":3}},"type":"cond-expr","locations":[{"start":{"line":29,"column":4},"end":{"line":29,"column":80}},{"start":{"line":31,"column":4},"end":{"line":50,"column":7}}],"line":28},"1":{"loc":{"start":{"line":47,"column":29},"end":{"line":47,"column":71}},"type":"cond-expr","locations":[{"start":{"line":47,"column":43},"end":{"line":47,"column":64}},{"start":{"line":47,"column":67},"end":{"line":47,"column":71}}],"line":47}},"s":{"0":1,"1":1,"2":8,"3":7,"4":7,"5":7,"6":2,"7":7,"8":0,"9":0,"10":7,"11":2,"12":2},"f":{"0":8,"1":2,"2":0,"3":0,"4":2,"5":2},"b":{"0":[4,3],"1":[2,1]},"_coverageSchema":"1a1c01bbd47fc00a2c39e90264f33305004495a9","hash":"b6287190e1cd62c3b2935b32629a7be48df67c0c"}
,"/Users/sami/Developer/Tasks/pipedrive/MasterDetail/src/screens/Home/index.ts": {"path":"/Users/sami/Developer/Tasks/pipedrive/MasterDetail/src/screens/Home/index.ts","statementMap":{},"fnMap":{},"branchMap":{},"s":{},"f":{},"b":{},"_coverageSchema":"1a1c01bbd47fc00a2c39e90264f33305004495a9","hash":"b5c2dc30a5ab2d4399f034f757694bb0d7580e31"}
,"/Users/sami/Developer/Tasks/pipedrive/MasterDetail/src/screens/Home/styles.ts": {"path":"/Users/sami/Developer/Tasks/pipedrive/MasterDetail/src/screens/Home/styles.ts","statementMap":{},"fnMap":{},"branchMap":{},"s":{},"f":{},"b":{},"_coverageSchema":"1a1c01bbd47fc00a2c39e90264f33305004495a9","hash":"6a8a740a13d2a33c1f51d9714e98ae3daacf60a6"}
,"/Users/sami/Developer/Tasks/pipedrive/MasterDetail/src/screens/Home/useGetPersons.tsx": {"path":"/Users/sami/Developer/Tasks/pipedrive/MasterDetail/src/screens/Home/useGetPersons.tsx","statementMap":{"0":{"start":{"line":20,"column":29},"end":{"line":59,"column":1}},"1":{"start":{"line":21,"column":38},"end":{"line":21,"column":62}},"2":{"start":{"line":22,"column":34},"end":{"line":26,"column":4}},"3":{"start":{"line":28,"column":2},"end":{"line":53,"column":14}},"4":{"start":{"line":29,"column":24},"end":{"line":51,"column":5}},"5":{"start":{"line":30,"column":6},"end":{"line":50,"column":7}},"6":{"start":{"line":31,"column":26},"end":{"line":31,"column":64}},"7":{"start":{"line":33,"column":8},"end":{"line":41,"column":9}},"8":{"start":{"line":34,"column":10},"end":{"line":38,"column":14}},"9":{"start":{"line":34,"column":31},"end":{"line":38,"column":11}},"10":{"start":{"line":40,"column":10},"end":{"line":40,"column":30}},"11":{"start":{"line":43,"column":8},"end":{"line":43,"column":28}},"12":{"start":{"line":44,"column":22},"end":{"line":44,"column":42}},"13":{"start":{"line":45,"column":8},"end":{"line":49,"column":11}},"14":{"start":{"line":52,"column":4},"end":{"line":52,"column":18}},"15":{"start":{"line":55,"column":2},"end":{"line":58,"column":4}}},"fnMap":{"0":{"name":"(anonymous_0)","decl":{"start":{"line":20,"column":29},"end":{"line":20,"column":30}},"loc":{"start":{"line":20,"column":67},"end":{"line":59,"column":1}},"line":20},"1":{"name":"(anonymous_1)","decl":{"start":{"line":28,"column":12},"end":{"line":28,"column":13}},"loc":{"start":{"line":28,"column":18},"end":{"line":53,"column":3}},"line":28},"2":{"name":"(anonymous_2)","decl":{"start":{"line":29,"column":24},"end":{"line":29,"column":25}},"loc":{"start":{"line":29,"column":36},"end":{"line":51,"column":5}},"line":29},"3":{"name":"(anonymous_3)","decl":{"start":{"line":34,"column":22},"end":{"line":34,"column":23}},"loc":{"start":{"line":34,"column":31},"end":{"line":38,"column":11}},"line":34}},"branchMap":{"0":{"loc":{"start":{"line":33,"column":8},"end":{"line":41,"column":9}},"type":"if","locations":[{"start":{"line":33,"column":8},"end":{"line":41,"column":9}},{"start":{"line":39,"column":15},"end":{"line":41,"column":9}}],"line":33},"1":{"loc":{"start":{"line":33,"column":12},"end":{"line":33,"column":68}},"type":"binary-expr","locations":[{"start":{"line":33,"column":12},"end":{"line":33,"column":36}},{"start":{"line":33,"column":40},"end":{"line":33,"column":68}}],"line":33}},"s":{"0":1,"1":7,"2":7,"3":7,"4":3,"5":3,"6":3,"7":2,"8":2,"9":2,"10":0,"11":1,"12":1,"13":1,"14":3,"15":7},"f":{"0":7,"1":3,"2":3,"3":2},"b":{"0":[2,0],"1":[2,2]},"_coverageSchema":"1a1c01bbd47fc00a2c39e90264f33305004495a9","hash":"6fbb3418e6ffe56af8b9ad26e87463eb050ec68f"}
,"/Users/sami/Developer/Tasks/pipedrive/MasterDetail/src/theme/colors.ts": {"path":"/Users/sami/Developer/Tasks/pipedrive/MasterDetail/src/theme/colors.ts","statementMap":{},"fnMap":{},"branchMap":{},"s":{},"f":{},"b":{},"_coverageSchema":"1a1c01bbd47fc00a2c39e90264f33305004495a9","hash":"7a36d57047c55d4bdad1490a856075d940ff4a18"}
,"/Users/sami/Developer/Tasks/pipedrive/MasterDetail/src/theme/fonts.ts": {"path":"/Users/sami/Developer/Tasks/pipedrive/MasterDetail/src/theme/fonts.ts","statementMap":{},"fnMap":{},"branchMap":{},"s":{},"f":{},"b":{},"_coverageSchema":"1a1c01bbd47fc00a2c39e90264f33305004495a9","hash":"35ddef3f570765bc8e8fcadfc8194b4ceda80fb3"}
,"/Users/sami/Developer/Tasks/pipedrive/MasterDetail/src/theme/index.ts": {"path":"/Users/sami/Developer/Tasks/pipedrive/MasterDetail/src/theme/index.ts","statementMap":{},"fnMap":{},"branchMap":{},"s":{},"f":{},"b":{},"_coverageSchema":"1a1c01bbd47fc00a2c39e90264f33305004495a9","hash":"17da1d75ef5d92e3acc42510d003d1ae9f79cc50"}
,"/Users/sami/Developer/Tasks/pipedrive/MasterDetail/src/utils/responsive.ts": {"path":"/Users/sami/Developer/Tasks/pipedrive/MasterDetail/src/utils/responsive.ts","statementMap":{"0":{"start":{"line":4,"column":29},"end":{"line":4,"column":59}},"1":{"start":{"line":5,"column":30},"end":{"line":5,"column":61}},"2":{"start":{"line":6,"column":23},"end":{"line":6,"column":26}},"3":{"start":{"line":7,"column":24},"end":{"line":7,"column":27}},"4":{"start":{"line":11,"column":4},"end":{"line":11,"column":63}},"5":{"start":{"line":13,"column":4},"end":{"line":17,"column":31}},"6":{"start":{"line":19,"column":4},"end":{"line":21,"column":22}},"7":{"start":{"line":22,"column":24},"end":{"line":22,"column":64}},"8":{"start":{"line":23,"column":2},"end":{"line":23,"column":35}},"9":{"start":{"line":27,"column":23},"end":{"line":27,"column":62}},"10":{"start":{"line":28,"column":2},"end":{"line":28,"column":34}},"11":{"start":{"line":31,"column":23},"end":{"line":31,"column":30}}},"fnMap":{"0":{"name":"RHValue","decl":{"start":{"line":9,"column":16},"end":{"line":9,"column":23}},"loc":{"start":{"line":9,"column":47},"end":{"line":24,"column":1}},"line":9},"1":{"name":"RWValue","decl":{"start":{"line":26,"column":16},"end":{"line":26,"column":23}},"loc":{"start":{"line":26,"column":39},"end":{"line":29,"column":1}},"line":26}},"branchMap":{"0":{"loc":{"start":{"line":11,"column":4},"end":{"line":11,"column":63}},"type":"cond-expr","locations":[{"start":{"line":11,"column":35},"end":{"line":11,"column":47}},{"start":{"line":11,"column":50},"end":{"line":11,"column":63}}],"line":11},"1":{"loc":{"start":{"line":13,"column":4},"end":{"line":17,"column":31}},"type":"cond-expr","locations":[{"start":{"line":14,"column":8},"end":{"line":14,"column":9}},{"start":{"line":15,"column":8},"end":{"line":17,"column":31}}],"line":13},"2":{"loc":{"start":{"line":15,"column":8},"end":{"line":17,"column":31}},"type":"cond-expr","locations":[{"start":{"line":16,"column":8},"end":{"line":16,"column":10}},{"start":{"line":17,"column":8},"end":{"line":17,"column":31}}],"line":15},"3":{"loc":{"start":{"line":19,"column":4},"end":{"line":21,"column":22}},"type":"cond-expr","locations":[{"start":{"line":20,"column":8},"end":{"line":20,"column":32}},{"start":{"line":21,"column":8},"end":{"line":21,"column":22}}],"line":19},"4":{"loc":{"start":{"line":19,"column":4},"end":{"line":19,"column":44}},"type":"binary-expr","locations":[{"start":{"line":19,"column":4},"end":{"line":19,"column":15}},{"start":{"line":19,"column":19},"end":{"line":19,"column":44}}],"line":19}},"s":{"0":2,"1":2,"2":2,"3":2,"4":33,"5":33,"6":33,"7":33,"8":33,"9":10,"10":10,"11":2},"f":{"0":33,"1":10},"b":{"0":[0,33],"1":[0,33],"2":[33,0],"3":[0,33],"4":[33,33]},"_coverageSchema":"1a1c01bbd47fc00a2c39e90264f33305004495a9","hash":"0d135820e772c5b2326da68b31aa54e52cfc93ac"}
}
