{"/Users/sami/Developer/Tasks/pipedrive/MasterDetail/assets/images/index.ts": {"path":"/Users/sami/Developer/Tasks/pipedrive/MasterDetail/assets/images/index.ts","statementMap":{"0":{"start":{"line":1,"column":22},"end":{"line":3,"column":1}}},"fnMap":{},"branchMap":{},"s":{"0":2},"f":{},"b":{},"_coverageSchema":"1a1c01bbd47fc00a2c39e90264f33305004495a9","hash":"3f62ee8e3a5de6f72fbeef898dc4ef3a807249dc"}
,"/Users/sami/Developer/Tasks/pipedrive/MasterDetail/assets/images/logo.png": {"path":"/Users/sami/Developer/Tasks/pipedrive/MasterDetail/assets/images/logo.png","statementMap":{"0":{"start":{"line":1,"column":0},"end":{"line":4,"column":6}}},"fnMap":{},"branchMap":{},"s":{"0":2},"f":{},"b":{},"_coverageSchema":"1a1c01bbd47fc00a2c39e90264f33305004495a9","hash":"16472b890df5c39ebc90405e49734489ca6b0491"}
,"/Users/sami/Developer/Tasks/pipedrive/MasterDetail/src/api/client.ts": {"path":"/Users/sami/Developer/Tasks/pipedrive/MasterDetail/src/api/client.ts","statementMap":{"0":{"start":{"line":4,"column":22},"end":{"line":7,"column":2}},"1":{"start":{"line":9,"column":0},"end":{"line":17,"column":3}},"2":{"start":{"line":10,"column":2},"end":{"line":16,"column":4}}},"fnMap":{"0":{"name":"(anonymous_0)","decl":{"start":{"line":9,"column":32},"end":{"line":9,"column":33}},"loc":{"start":{"line":9,"column":64},"end":{"line":17,"column":1}},"line":9}},"branchMap":{},"s":{"0":2,"1":2,"2":10},"f":{"0":10},"b":{},"_coverageSchema":"1a1c01bbd47fc00a2c39e90264f33305004495a9","hash":"ca3e3a8a26d9dfdbfaa04b2bca9fe4d62229ab63"}
,"/Users/sami/Developer/Tasks/pipedrive/MasterDetail/src/api/index.ts": {"path":"/Users/sami/Developer/Tasks/pipedrive/MasterDetail/src/api/index.ts","statementMap":{},"fnMap":{},"branchMap":{},"s":{},"f":{},"b":{},"_coverageSchema":"1a1c01bbd47fc00a2c39e90264f33305004495a9","hash":"0136f839a96bb92eb92bb9f1fda874868613f16d"}
,"/Users/sami/Developer/Tasks/pipedrive/MasterDetail/src/api/requests.ts": {"path":"/Users/sami/Developer/Tasks/pipedrive/MasterDetail/src/api/requests.ts","statementMap":{"0":{"start":{"line":11,"column":26},"end":{"line":20,"column":1}},"1":{"start":{"line":16,"column":32},"end":{"line":16,"column":63}},"2":{"start":{"line":17,"column":2},"end":{"line":19,"column":37}},"3":{"start":{"line":19,"column":22},"end":{"line":19,"column":35}},"4":{"start":{"line":22,"column":29},"end":{"line":26,"column":1}},"5":{"start":{"line":23,"column":2},"end":{"line":25,"column":42}},"6":{"start":{"line":25,"column":22},"end":{"line":25,"column":40}},"7":{"start":{"line":28,"column":24},"end":{"line":32,"column":1}},"8":{"start":{"line":29,"column":2},"end":{"line":31,"column":42}},"9":{"start":{"line":31,"column":22},"end":{"line":31,"column":40}}},"fnMap":{"0":{"name":"(anonymous_0)","decl":{"start":{"line":11,"column":26},"end":{"line":11,"column":27}},"loc":{"start":{"line":15,"column":32},"end":{"line":20,"column":1}},"line":15},"1":{"name":"(anonymous_1)","decl":{"start":{"line":19,"column":10},"end":{"line":19,"column":11}},"loc":{"start":{"line":19,"column":22},"end":{"line":19,"column":35}},"line":19},"2":{"name":"(anonymous_2)","decl":{"start":{"line":22,"column":29},"end":{"line":22,"column":30}},"loc":{"start":{"line":22,"column":76},"end":{"line":26,"column":1}},"line":22},"3":{"name":"(anonymous_3)","decl":{"start":{"line":25,"column":10},"end":{"line":25,"column":11}},"loc":{"start":{"line":25,"column":22},"end":{"line":25,"column":40}},"line":25},"4":{"name":"(anonymous_4)","decl":{"start":{"line":28,"column":24},"end":{"line":28,"column":25}},"loc":{"start":{"line":28,"column":67},"end":{"line":32,"column":1}},"line":28},"5":{"name":"(anonymous_5)","decl":{"start":{"line":31,"column":10},"end":{"line":31,"column":11}},"loc":{"start":{"line":31,"column":22},"end":{"line":31,"column":40}},"line":31}},"branchMap":{},"s":{"0":2,"1":2,"2":2,"3":2,"4":2,"5":4,"6":1,"7":2,"8":4,"9":1},"f":{"0":2,"1":2,"2":4,"3":1,"4":4,"5":1},"b":{},"_coverageSchema":"1a1c01bbd47fc00a2c39e90264f33305004495a9","hash":"d51cce8dfa56c3821296ed9ca6331265dfa1cdf7"}
,"/Users/sami/Developer/Tasks/pipedrive/MasterDetail/src/components/index.ts": {"path":"/Users/sami/Developer/Tasks/pipedrive/MasterDetail/src/components/index.ts","statementMap":{},"fnMap":{},"branchMap":{},"s":{},"f":{},"b":{},"_coverageSchema":"1a1c01bbd47fc00a2c39e90264f33305004495a9","hash":"cbcc92a3d19c249b3b23706f82bceb507018bca0"}
,"/Users/sami/Developer/Tasks/pipedrive/MasterDetail/src/components/EmptyList/EmptyList.tsx": {"path":"/Users/sami/Developer/Tasks/pipedrive/MasterDetail/src/components/EmptyList/EmptyList.tsx","statementMap":{"0":{"start":{"line":7,"column":25},"end":{"line":20,"column":1}},"1":{"start":{"line":8,"column":2},"end":{"line":19,"column":4}},"2":{"start":{"line":22,"column":15},"end":{"line":37,"column":2}}},"fnMap":{"0":{"name":"(anonymous_0)","decl":{"start":{"line":7,"column":25},"end":{"line":7,"column":26}},"loc":{"start":{"line":7,"column":31},"end":{"line":20,"column":1}},"line":7}},"branchMap":{},"s":{"0":3,"1":2,"2":3},"f":{"0":2},"b":{},"_coverageSchema":"1a1c01bbd47fc00a2c39e90264f33305004495a9","hash":"bd343fc2514557ffa5967731f0b9e89fab5ea7d7"}
,"/Users/sami/Developer/Tasks/pipedrive/MasterDetail/src/components/EmptyList/index.ts": {"path":"/Users/sami/Developer/Tasks/pipedrive/MasterDetail/src/components/EmptyList/index.ts","statementMap":{},"fnMap":{},"branchMap":{},"s":{},"f":{},"b":{},"_coverageSchema":"1a1c01bbd47fc00a2c39e90264f33305004495a9","hash":"1c2d606bfacedfe502522e0ab8cd7be2c50b1381"}
,"/Users/sami/Developer/Tasks/pipedrive/MasterDetail/src/components/FallBacks/ErrorBoundary.tsx": {"path":"/Users/sami/Developer/Tasks/pipedrive/MasterDetail/src/components/FallBacks/ErrorBoundary.tsx","statementMap":{"0":{"start":{"line":12,"column":37},"end":{"line":35,"column":1}},"1":{"start":{"line":14,"column":4},"end":{"line":23,"column":9}},"2":{"start":{"line":25,"column":2},"end":{"line":34,"column":4}},"3":{"start":{"line":37,"column":15},"end":{"line":72,"column":2}}},"fnMap":{"0":{"name":"(anonymous_0)","decl":{"start":{"line":12,"column":37},"end":{"line":12,"column":38}},"loc":{"start":{"line":12,"column":71},"end":{"line":35,"column":1}},"line":12}},"branchMap":{"0":{"loc":{"start":{"line":14,"column":4},"end":{"line":23,"column":9}},"type":"cond-expr","locations":[{"start":{"line":15,"column":8},"end":{"line":19,"column":9}},{"start":{"line":20,"column":8},"end":{"line":23,"column":9}}],"line":14}},"s":{"0":3,"1":0,"2":0,"3":3},"f":{"0":0},"b":{"0":[0,0]},"_coverageSchema":"1a1c01bbd47fc00a2c39e90264f33305004495a9","hash":"03b55e0fdd762367772347a900ff74b3a62cb359"}
,"/Users/sami/Developer/Tasks/pipedrive/MasterDetail/src/components/FallBacks/Suspense.tsx": {"path":"/Users/sami/Developer/Tasks/pipedrive/MasterDetail/src/components/FallBacks/Suspense.tsx","statementMap":{"0":{"start":{"line":5,"column":32},"end":{"line":12,"column":1}},"1":{"start":{"line":6,"column":2},"end":{"line":11,"column":4}},"2":{"start":{"line":14,"column":15},"end":{"line":21,"column":2}}},"fnMap":{"0":{"name":"(anonymous_0)","decl":{"start":{"line":5,"column":32},"end":{"line":5,"column":33}},"loc":{"start":{"line":5,"column":38},"end":{"line":12,"column":1}},"line":5}},"branchMap":{},"s":{"0":3,"1":0,"2":3},"f":{"0":0},"b":{},"_coverageSchema":"1a1c01bbd47fc00a2c39e90264f33305004495a9","hash":"fc45159933008e678d6ab6c349219e70367ab362"}
,"/Users/sami/Developer/Tasks/pipedrive/MasterDetail/src/components/FallBacks/index.ts": {"path":"/Users/sami/Developer/Tasks/pipedrive/MasterDetail/src/components/FallBacks/index.ts","statementMap":{},"fnMap":{},"branchMap":{},"s":{},"f":{},"b":{},"_coverageSchema":"1a1c01bbd47fc00a2c39e90264f33305004495a9","hash":"13b99b900772ed7bc69f1133bd887bf5b09ece39"}
,"/Users/sami/Developer/Tasks/pipedrive/MasterDetail/src/components/Section/Section.tsx": {"path":"/Users/sami/Developer/Tasks/pipedrive/MasterDetail/src/components/Section/Section.tsx","statementMap":{"0":{"start":{"line":15,"column":23},"end":{"line":27,"column":1}},"1":{"start":{"line":16,"column":2},"end":{"line":26,"column":4}}},"fnMap":{"0":{"name":"(anonymous_0)","decl":{"start":{"line":15,"column":23},"end":{"line":15,"column":24}},"loc":{"start":{"line":15,"column":73},"end":{"line":27,"column":1}},"line":15}},"branchMap":{"0":{"loc":{"start":{"line":19,"column":9},"end":{"line":21,"column":9}},"type":"binary-expr","locations":[{"start":{"line":19,"column":9},"end":{"line":19,"column":17}},{"start":{"line":20,"column":10},"end":{"line":20,"column":73}}],"line":19}},"s":{"0":3,"1":24},"f":{"0":24},"b":{"0":[24,24]},"_coverageSchema":"1a1c01bbd47fc00a2c39e90264f33305004495a9","hash":"acffefef77486bc37215c682a10f9b51f7fd1a42"}
,"/Users/sami/Developer/Tasks/pipedrive/MasterDetail/src/components/Section/index.ts": {"path":"/Users/sami/Developer/Tasks/pipedrive/MasterDetail/src/components/Section/index.ts","statementMap":{},"fnMap":{},"branchMap":{},"s":{},"f":{},"b":{},"_coverageSchema":"1a1c01bbd47fc00a2c39e90264f33305004495a9","hash":"0f13c9b14de6b3009e4230e63367e7557945a913"}
,"/Users/sami/Developer/Tasks/pipedrive/MasterDetail/src/components/Section/styles.ts": {"path":"/Users/sami/Developer/Tasks/pipedrive/MasterDetail/src/components/Section/styles.ts","statementMap":{},"fnMap":{},"branchMap":{},"s":{},"f":{},"b":{},"_coverageSchema":"1a1c01bbd47fc00a2c39e90264f33305004495a9","hash":"28209321e629595ad19ebe9ddb41f69236c13f53"}
,"/Users/sami/Developer/Tasks/pipedrive/MasterDetail/src/components/UserCard/UserCard.tsx": {"path":"/Users/sami/Developer/Tasks/pipedrive/MasterDetail/src/components/UserCard/UserCard.tsx","statementMap":{"0":{"start":{"line":17,"column":24},"end":{"line":57,"column":1}},"1":{"start":{"line":24,"column":2},"end":{"line":56,"column":4}}},"fnMap":{"0":{"name":"(anonymous_0)","decl":{"start":{"line":17,"column":24},"end":{"line":17,"column":25}},"loc":{"start":{"line":23,"column":13},"end":{"line":57,"column":1}},"line":23}},"branchMap":{"0":{"loc":{"start":{"line":31,"column":9},"end":{"line":49,"column":9}},"type":"cond-expr","locations":[{"start":{"line":32,"column":10},"end":{"line":36,"column":12}},{"start":{"line":38,"column":10},"end":{"line":48,"column":17}}],"line":31}},"s":{"0":3,"1":8},"f":{"0":8},"b":{"0":[1,7]},"_coverageSchema":"1a1c01bbd47fc00a2c39e90264f33305004495a9","hash":"dfd88039ef06d814be2675e0fd38069875aba423"}
,"/Users/sami/Developer/Tasks/pipedrive/MasterDetail/src/components/UserCard/index.ts": {"path":"/Users/sami/Developer/Tasks/pipedrive/MasterDetail/src/components/UserCard/index.ts","statementMap":{},"fnMap":{},"branchMap":{},"s":{},"f":{},"b":{},"_coverageSchema":"1a1c01bbd47fc00a2c39e90264f33305004495a9","hash":"2803ba34b3bcf817638e8f1b803a4eaf590c6575"}
,"/Users/sami/Developer/Tasks/pipedrive/MasterDetail/src/components/UserCard/styles.ts": {"path":"/Users/sami/Developer/Tasks/pipedrive/MasterDetail/src/components/UserCard/styles.ts","statementMap":{},"fnMap":{},"branchMap":{},"s":{},"f":{},"b":{},"_coverageSchema":"1a1c01bbd47fc00a2c39e90264f33305004495a9","hash":"60873da5f806b9be34073d0115145dd473371b89"}
,"/Users/sami/Developer/Tasks/pipedrive/MasterDetail/src/screens/index.ts": {"path":"/Users/sami/Developer/Tasks/pipedrive/MasterDetail/src/screens/index.ts","statementMap":{},"fnMap":{},"branchMap":{},"s":{},"f":{},"b":{},"_coverageSchema":"1a1c01bbd47fc00a2c39e90264f33305004495a9","hash":"5c86cc92cb2b028f011cb69616577d741c16b1f6"}
,"/Users/sami/Developer/Tasks/pipedrive/MasterDetail/src/screens/Home/Home.tsx": {"path":"/Users/sami/Developer/Tasks/pipedrive/MasterDetail/src/screens/Home/Home.tsx","statementMap":{"0":{"start":{"line":12,"column":13},"end":{"line":68,"column":1}},"1":{"start":{"line":13,"column":21},"end":{"line":13,"column":62}},"2":{"start":{"line":15,"column":4},"end":{"line":22,"column":5}},"3":{"start":{"line":17,"column":25},"end":{"line":17,"column":50}},"4":{"start":{"line":20,"column":10},"end":{"line":20,"column":56}},"5":{"start":{"line":24,"column":21},"end":{"line":31,"column":3}},"6":{"start":{"line":25,"column":4},"end":{"line":30,"column":6}},"7":{"start":{"line":29,"column":21},"end":{"line":29,"column":64}},"8":{"start":{"line":33,"column":23},"end":{"line":37,"column":3}},"9":{"start":{"line":34,"column":4},"end":{"line":36,"column":5}},"10":{"start":{"line":35,"column":6},"end":{"line":35,"column":22}},"11":{"start":{"line":39,"column":33},"end":{"line":41,"column":3}},"12":{"start":{"line":40,"column":4},"end":{"line":40,"column":30}},"13":{"start":{"line":43,"column":2},"end":{"line":67,"column":4}},"14":{"start":{"line":53,"column":38},"end":{"line":53,"column":47}},"15":{"start":{"line":55,"column":34},"end":{"line":55,"column":50}}},"fnMap":{"0":{"name":"(anonymous_0)","decl":{"start":{"line":12,"column":13},"end":{"line":12,"column":14}},"loc":{"start":{"line":12,"column":19},"end":{"line":68,"column":1}},"line":12},"1":{"name":"(anonymous_1)","decl":{"start":{"line":17,"column":6},"end":{"line":17,"column":7}},"loc":{"start":{"line":17,"column":25},"end":{"line":17,"column":50}},"line":17},"2":{"name":"(anonymous_2)","decl":{"start":{"line":19,"column":26},"end":{"line":19,"column":27}},"loc":{"start":{"line":20,"column":10},"end":{"line":20,"column":56}},"line":20},"3":{"name":"(anonymous_3)","decl":{"start":{"line":24,"column":21},"end":{"line":24,"column":22}},"loc":{"start":{"line":25,"column":4},"end":{"line":30,"column":6}},"line":25},"4":{"name":"(anonymous_4)","decl":{"start":{"line":29,"column":15},"end":{"line":29,"column":16}},"loc":{"start":{"line":29,"column":21},"end":{"line":29,"column":64}},"line":29},"5":{"name":"(anonymous_5)","decl":{"start":{"line":33,"column":23},"end":{"line":33,"column":24}},"loc":{"start":{"line":33,"column":29},"end":{"line":37,"column":3}},"line":33},"6":{"name":"(anonymous_6)","decl":{"start":{"line":39,"column":33},"end":{"line":39,"column":34}},"loc":{"start":{"line":39,"column":55},"end":{"line":41,"column":3}},"line":39},"7":{"name":"(anonymous_7)","decl":{"start":{"line":53,"column":30},"end":{"line":53,"column":31}},"loc":{"start":{"line":53,"column":38},"end":{"line":53,"column":47}},"line":53},"8":{"name":"(anonymous_8)","decl":{"start":{"line":55,"column":20},"end":{"line":55,"column":21}},"loc":{"start":{"line":55,"column":34},"end":{"line":55,"column":50}},"line":55}},"branchMap":{"0":{"loc":{"start":{"line":34,"column":4},"end":{"line":36,"column":5}},"type":"if","locations":[{"start":{"line":34,"column":4},"end":{"line":36,"column":5}},{"start":{},"end":{}}],"line":34},"1":{"loc":{"start":{"line":60,"column":10},"end":{"line":62,"column":18}},"type":"cond-expr","locations":[{"start":{"line":61,"column":12},"end":{"line":61,"column":66}},{"start":{"line":62,"column":14},"end":{"line":62,"column":18}}],"line":60}},"s":{"0":2,"1":4,"2":4,"3":2,"4":10,"5":4,"6":4,"7":0,"8":4,"9":0,"10":0,"11":4,"12":7,"13":4,"14":3,"15":4},"f":{"0":4,"1":2,"2":10,"3":4,"4":0,"5":0,"6":7,"7":3,"8":4},"b":{"0":[0,0],"1":[0,4]},"_coverageSchema":"1a1c01bbd47fc00a2c39e90264f33305004495a9","hash":"416a3479d4b709d7e38019fef689a399e47d0a31"}
,"/Users/sami/Developer/Tasks/pipedrive/MasterDetail/src/screens/Home/index.ts": {"path":"/Users/sami/Developer/Tasks/pipedrive/MasterDetail/src/screens/Home/index.ts","statementMap":{},"fnMap":{},"branchMap":{},"s":{},"f":{},"b":{},"_coverageSchema":"1a1c01bbd47fc00a2c39e90264f33305004495a9","hash":"b5c2dc30a5ab2d4399f034f757694bb0d7580e31"}
,"/Users/sami/Developer/Tasks/pipedrive/MasterDetail/src/screens/Home/styles.ts": {"path":"/Users/sami/Developer/Tasks/pipedrive/MasterDetail/src/screens/Home/styles.ts","statementMap":{},"fnMap":{},"branchMap":{},"s":{},"f":{},"b":{},"_coverageSchema":"1a1c01bbd47fc00a2c39e90264f33305004495a9","hash":"6a8a740a13d2a33c1f51d9714e98ae3daacf60a6"}
,"/Users/sami/Developer/Tasks/pipedrive/MasterDetail/src/screens/User/User.tsx": {"path":"/Users/sami/Developer/Tasks/pipedrive/MasterDetail/src/screens/User/User.tsx","statementMap":{"0":{"start":{"line":21,"column":13},"end":{"line":173,"column":1}},"1":{"start":{"line":22,"column":21},"end":{"line":22,"column":52}},"2":{"start":{"line":23,"column":19},"end":{"line":23,"column":25}},"3":{"start":{"line":25,"column":31},"end":{"line":28,"column":3}},"4":{"start":{"line":27,"column":10},"end":{"line":27,"column":32}},"5":{"start":{"line":29,"column":26},"end":{"line":31,"column":3}},"6":{"start":{"line":30,"column":4},"end":{"line":30,"column":21}},"7":{"start":{"line":33,"column":25},"end":{"line":33,"column":74}},"8":{"start":{"line":33,"column":49},"end":{"line":33,"column":73}},"9":{"start":{"line":35,"column":23},"end":{"line":37,"column":3}},"10":{"start":{"line":36,"column":4},"end":{"line":36,"column":42}},"11":{"start":{"line":39,"column":2},"end":{"line":39,"column":20}},"12":{"start":{"line":43,"column":2},"end":{"line":172,"column":4}},"13":{"start":{"line":102,"column":14},"end":{"line":112,"column":21}},"14":{"start":{"line":105,"column":33},"end":{"line":105,"column":57}},"15":{"start":{"line":133,"column":14},"end":{"line":148,"column":21}},"16":{"start":{"line":161,"column":14},"end":{"line":166,"column":21}}},"fnMap":{"0":{"name":"(anonymous_0)","decl":{"start":{"line":21,"column":13},"end":{"line":21,"column":14}},"loc":{"start":{"line":21,"column":19},"end":{"line":173,"column":1}},"line":21},"1":{"name":"(anonymous_1)","decl":{"start":{"line":27,"column":4},"end":{"line":27,"column":5}},"loc":{"start":{"line":27,"column":10},"end":{"line":27,"column":32}},"line":27},"2":{"name":"(anonymous_2)","decl":{"start":{"line":29,"column":74},"end":{"line":29,"column":75}},"loc":{"start":{"line":30,"column":4},"end":{"line":30,"column":21}},"line":30},"3":{"name":"(anonymous_3)","decl":{"start":{"line":33,"column":41},"end":{"line":33,"column":42}},"loc":{"start":{"line":33,"column":49},"end":{"line":33,"column":73}},"line":33},"4":{"name":"(anonymous_4)","decl":{"start":{"line":35,"column":23},"end":{"line":35,"column":24}},"loc":{"start":{"line":35,"column":48},"end":{"line":37,"column":3}},"line":35},"5":{"name":"(anonymous_5)","decl":{"start":{"line":101,"column":28},"end":{"line":101,"column":29}},"loc":{"start":{"line":102,"column":14},"end":{"line":112,"column":21}},"line":102},"6":{"name":"(anonymous_6)","decl":{"start":{"line":105,"column":27},"end":{"line":105,"column":28}},"loc":{"start":{"line":105,"column":33},"end":{"line":105,"column":57}},"line":105},"7":{"name":"(anonymous_7)","decl":{"start":{"line":132,"column":28},"end":{"line":132,"column":29}},"loc":{"start":{"line":133,"column":14},"end":{"line":148,"column":21}},"line":133},"8":{"name":"(anonymous_8)","decl":{"start":{"line":160,"column":23},"end":{"line":160,"column":24}},"loc":{"start":{"line":161,"column":14},"end":{"line":166,"column":21}},"line":161}},"branchMap":{"0":{"loc":{"start":{"line":49,"column":9},"end":{"line":61,"column":9}},"type":"cond-expr","locations":[{"start":{"line":50,"column":10},"end":{"line":54,"column":12}},{"start":{"line":56,"column":10},"end":{"line":60,"column":17}}],"line":49},"1":{"loc":{"start":{"line":66,"column":11},"end":{"line":77,"column":11}},"type":"binary-expr","locations":[{"start":{"line":66,"column":11},"end":{"line":66,"column":37}},{"start":{"line":67,"column":12},"end":{"line":76,"column":19}}],"line":66},"2":{"loc":{"start":{"line":80,"column":7},"end":{"line":97,"column":7}},"type":"binary-expr","locations":[{"start":{"line":80,"column":7},"end":{"line":80,"column":18}},{"start":{"line":81,"column":8},"end":{"line":96,"column":18}}],"line":80},"3":{"loc":{"start":{"line":86,"column":14},"end":{"line":88,"column":44}},"type":"cond-expr","locations":[{"start":{"line":87,"column":18},"end":{"line":87,"column":43}},{"start":{"line":88,"column":18},"end":{"line":88,"column":44}}],"line":86},"4":{"loc":{"start":{"line":91,"column":24},"end":{"line":91,"column":62}},"type":"cond-expr","locations":[{"start":{"line":91,"column":50},"end":{"line":91,"column":55}},{"start":{"line":91,"column":58},"end":{"line":91,"column":62}}],"line":91},"5":{"loc":{"start":{"line":99,"column":9},"end":{"line":119,"column":9}},"type":"cond-expr","locations":[{"start":{"line":100,"column":10},"end":{"line":114,"column":17}},{"start":{"line":116,"column":10},"end":{"line":118,"column":17}}],"line":99},"6":{"loc":{"start":{"line":126,"column":9},"end":{"line":151,"column":9}},"type":"cond-expr","locations":[{"start":{"line":127,"column":10},"end":{"line":129,"column":17}},{"start":{"line":131,"column":10},"end":{"line":150,"column":17}}],"line":126},"7":{"loc":{"start":{"line":154,"column":9},"end":{"line":169,"column":9}},"type":"cond-expr","locations":[{"start":{"line":155,"column":10},"end":{"line":157,"column":17}},{"start":{"line":159,"column":10},"end":{"line":168,"column":17}}],"line":154}},"s":{"0":2,"1":6,"2":6,"3":6,"4":4,"5":6,"6":4,"7":6,"8":6,"9":6,"10":0,"11":6,"12":6,"13":0,"14":0,"15":2,"16":2},"f":{"0":6,"1":4,"2":4,"3":6,"4":0,"5":0,"6":0,"7":2,"8":2},"b":{"0":[0,6],"1":[6,0],"2":[6,6],"3":[6,0],"4":[6,0],"5":[0,6],"6":[5,1],"7":[5,1]},"_coverageSchema":"1a1c01bbd47fc00a2c39e90264f33305004495a9","hash":"80c401437f448be8b196bb91522df43c8b97c689"}
,"/Users/sami/Developer/Tasks/pipedrive/MasterDetail/src/screens/User/index.ts": {"path":"/Users/sami/Developer/Tasks/pipedrive/MasterDetail/src/screens/User/index.ts","statementMap":{},"fnMap":{},"branchMap":{},"s":{},"f":{},"b":{},"_coverageSchema":"1a1c01bbd47fc00a2c39e90264f33305004495a9","hash":"57041bb843d500b742ce499c987b45de63664f9d"}
,"/Users/sami/Developer/Tasks/pipedrive/MasterDetail/src/screens/User/styles.ts": {"path":"/Users/sami/Developer/Tasks/pipedrive/MasterDetail/src/screens/User/styles.ts","statementMap":{},"fnMap":{},"branchMap":{},"s":{},"f":{},"b":{},"_coverageSchema":"1a1c01bbd47fc00a2c39e90264f33305004495a9","hash":"e19398f02a3e894fa77affe53f092dec82c2623a"}
,"/Users/sami/Developer/Tasks/pipedrive/MasterDetail/src/theme/colors.ts": {"path":"/Users/sami/Developer/Tasks/pipedrive/MasterDetail/src/theme/colors.ts","statementMap":{},"fnMap":{},"branchMap":{},"s":{},"f":{},"b":{},"_coverageSchema":"1a1c01bbd47fc00a2c39e90264f33305004495a9","hash":"7a36d57047c55d4bdad1490a856075d940ff4a18"}
,"/Users/sami/Developer/Tasks/pipedrive/MasterDetail/src/theme/fonts.ts": {"path":"/Users/sami/Developer/Tasks/pipedrive/MasterDetail/src/theme/fonts.ts","statementMap":{},"fnMap":{},"branchMap":{},"s":{},"f":{},"b":{},"_coverageSchema":"1a1c01bbd47fc00a2c39e90264f33305004495a9","hash":"35ddef3f570765bc8e8fcadfc8194b4ceda80fb3"}
,"/Users/sami/Developer/Tasks/pipedrive/MasterDetail/src/theme/index.ts": {"path":"/Users/sami/Developer/Tasks/pipedrive/MasterDetail/src/theme/index.ts","statementMap":{},"fnMap":{},"branchMap":{},"s":{},"f":{},"b":{},"_coverageSchema":"1a1c01bbd47fc00a2c39e90264f33305004495a9","hash":"17da1d75ef5d92e3acc42510d003d1ae9f79cc50"}
,"/Users/sami/Developer/Tasks/pipedrive/MasterDetail/src/utils/index.ts": {"path":"/Users/sami/Developer/Tasks/pipedrive/MasterDetail/src/utils/index.ts","statementMap":{},"fnMap":{},"branchMap":{},"s":{},"f":{},"b":{},"_coverageSchema":"1a1c01bbd47fc00a2c39e90264f33305004495a9","hash":"915fd3f73d37f83d948f9260905fcac8e65998e5"}
,"/Users/sami/Developer/Tasks/pipedrive/MasterDetail/src/utils/responsive.ts": {"path":"/Users/sami/Developer/Tasks/pipedrive/MasterDetail/src/utils/responsive.ts","statementMap":{"0":{"start":{"line":4,"column":29},"end":{"line":4,"column":59}},"1":{"start":{"line":5,"column":30},"end":{"line":5,"column":61}},"2":{"start":{"line":6,"column":23},"end":{"line":6,"column":26}},"3":{"start":{"line":7,"column":24},"end":{"line":7,"column":27}},"4":{"start":{"line":11,"column":4},"end":{"line":11,"column":63}},"5":{"start":{"line":13,"column":4},"end":{"line":17,"column":31}},"6":{"start":{"line":19,"column":4},"end":{"line":21,"column":22}},"7":{"start":{"line":22,"column":24},"end":{"line":22,"column":64}},"8":{"start":{"line":23,"column":2},"end":{"line":23,"column":35}},"9":{"start":{"line":27,"column":23},"end":{"line":27,"column":62}},"10":{"start":{"line":28,"column":2},"end":{"line":28,"column":34}},"11":{"start":{"line":31,"column":23},"end":{"line":31,"column":30}}},"fnMap":{"0":{"name":"RHValue","decl":{"start":{"line":9,"column":16},"end":{"line":9,"column":23}},"loc":{"start":{"line":9,"column":47},"end":{"line":24,"column":1}},"line":9},"1":{"name":"RWValue","decl":{"start":{"line":26,"column":16},"end":{"line":26,"column":23}},"loc":{"start":{"line":26,"column":39},"end":{"line":29,"column":1}},"line":26}},"branchMap":{"0":{"loc":{"start":{"line":11,"column":4},"end":{"line":11,"column":63}},"type":"cond-expr","locations":[{"start":{"line":11,"column":35},"end":{"line":11,"column":47}},{"start":{"line":11,"column":50},"end":{"line":11,"column":63}}],"line":11},"1":{"loc":{"start":{"line":13,"column":4},"end":{"line":17,"column":31}},"type":"cond-expr","locations":[{"start":{"line":14,"column":8},"end":{"line":14,"column":9}},{"start":{"line":15,"column":8},"end":{"line":17,"column":31}}],"line":13},"2":{"loc":{"start":{"line":15,"column":8},"end":{"line":17,"column":31}},"type":"cond-expr","locations":[{"start":{"line":16,"column":8},"end":{"line":16,"column":10}},{"start":{"line":17,"column":8},"end":{"line":17,"column":31}}],"line":15},"3":{"loc":{"start":{"line":19,"column":4},"end":{"line":21,"column":22}},"type":"cond-expr","locations":[{"start":{"line":20,"column":8},"end":{"line":20,"column":32}},{"start":{"line":21,"column":8},"end":{"line":21,"column":22}}],"line":19},"4":{"loc":{"start":{"line":19,"column":4},"end":{"line":19,"column":44}},"type":"binary-expr","locations":[{"start":{"line":19,"column":4},"end":{"line":19,"column":15}},{"start":{"line":19,"column":19},"end":{"line":19,"column":44}}],"line":19}},"s":{"0":3,"1":3,"2":3,"3":3,"4":173,"5":173,"6":173,"7":173,"8":173,"9":32,"10":32,"11":3},"f":{"0":173,"1":32},"b":{"0":[0,173],"1":[0,173],"2":[173,0],"3":[0,173],"4":[173,173]},"_coverageSchema":"1a1c01bbd47fc00a2c39e90264f33305004495a9","hash":"0d135820e772c5b2326da68b31aa54e52cfc93ac"}
,"/Users/sami/Developer/Tasks/pipedrive/MasterDetail/src/utils/toast.ts": {"path":"/Users/sami/Developer/Tasks/pipedrive/MasterDetail/src/utils/toast.ts","statementMap":{"0":{"start":{"line":9,"column":25},"end":{"line":20,"column":1}},"1":{"start":{"line":14,"column":2},"end":{"line":19,"column":5}}},"fnMap":{"0":{"name":"(anonymous_0)","decl":{"start":{"line":9,"column":25},"end":{"line":9,"column":26}},"loc":{"start":{"line":13,"column":17},"end":{"line":20,"column":1}},"line":13}},"branchMap":{"0":{"loc":{"start":{"line":12,"column":2},"end":{"line":12,"column":21}},"type":"default-arg","locations":[{"start":{"line":12,"column":13},"end":{"line":12,"column":21}}],"line":12}},"s":{"0":3,"1":0},"f":{"0":0},"b":{"0":[0]},"_coverageSchema":"1a1c01bbd47fc00a2c39e90264f33305004495a9","hash":"9fdaed2423b95b7a2176d89820d0cd776510846e"}
}
