TN:
SF:assets/images/index.ts
FNF:0
FNH:0
DA:1,1
LF:1
LH:1
BRF:0
BRH:0
end_of_record
TN:
SF:assets/images/logo.png
FNF:0
FNH:0
DA:1,1
LF:1
LH:1
BRF:0
BRH:0
end_of_record
TN:
SF:src/api/client.ts
FN:9,(anonymous_0)
FNF:1
FNH:1
FNDA:3,(anonymous_0)
DA:4,1
DA:9,1
DA:10,3
LF:3
LH:3
BRF:0
BRH:0
end_of_record
TN:
SF:src/api/endpoints.ts
FNF:0
FNH:0
DA:1,1
LF:1
LH:1
BRF:0
BRH:0
end_of_record
TN:
SF:src/api/index.ts
FNF:0
FNH:0
LF:0
LH:0
BRF:0
BRH:0
end_of_record
TN:
SF:src/api/requests.ts
FN:6,(anonymous_0)
FNF:1
FNH:1
FNDA:3,(anonymous_0)
DA:6,1
DA:9,3
LF:2
LH:2
BRF:0
BRH:0
end_of_record
TN:
SF:src/components/index.ts
FNF:0
FNH:0
LF:0
LH:0
BRF:0
BRH:0
end_of_record
TN:
SF:src/components/EmptyList/EmptyList.tsx
FN:8,(anonymous_0)
FNF:1
FNH:1
FNDA:2,(anonymous_0)
DA:8,2
DA:9,2
DA:23,2
LF:3
LH:3
BRF:0
BRH:0
end_of_record
TN:
SF:src/components/EmptyList/index.ts
FNF:0
FNH:0
LF:0
LH:0
BRF:0
BRH:0
end_of_record
TN:
SF:src/components/UserCard/UserCard.tsx
FN:17,(anonymous_0)
FNF:1
FNH:1
FNDA:6,(anonymous_0)
DA:17,2
DA:24,6
LF:2
LH:2
BRDA:31,0,0,1
BRDA:31,0,1,5
BRF:2
BRH:2
end_of_record
TN:
SF:src/components/UserCard/index.ts
FNF:0
FNH:0
LF:0
LH:0
BRF:0
BRH:0
end_of_record
TN:
SF:src/components/UserCard/styles.ts
FNF:0
FNH:0
LF:0
LH:0
BRF:0
BRH:0
end_of_record
TN:
SF:src/screens/index.ts
FNF:0
FNH:0
LF:0
LH:0
BRF:0
BRH:0
end_of_record
TN:
SF:src/screens/Home/Home.tsx
FN:13,(anonymous_0)
FN:18,(anonymous_1)
FN:26,(anonymous_2)
FN:26,(anonymous_3)
FN:43,(anonymous_4)
FN:44,(anonymous_5)
FNF:6
FNH:4
FNDA:8,(anonymous_0)
FNDA:2,(anonymous_1)
FNDA:0,(anonymous_2)
FNDA:0,(anonymous_3)
FNDA:2,(anonymous_4)
FNDA:2,(anonymous_5)
DA:11,1
DA:13,1
DA:14,8
DA:15,7
DA:16,7
DA:18,7
DA:19,2
DA:26,7
DA:28,7
DA:43,2
DA:44,2
LF:11
LH:11
BRDA:28,0,0,4
BRDA:28,0,1,3
BRDA:47,1,0,2
BRDA:47,1,1,1
BRF:4
BRH:4
end_of_record
TN:
SF:src/screens/Home/index.ts
FNF:0
FNH:0
LF:0
LH:0
BRF:0
BRH:0
end_of_record
TN:
SF:src/screens/Home/styles.ts
FNF:0
FNH:0
LF:0
LH:0
BRF:0
BRH:0
end_of_record
TN:
SF:src/screens/Home/useGetPersons.tsx
FN:20,(anonymous_0)
FN:28,(anonymous_1)
FN:29,(anonymous_2)
FN:34,(anonymous_3)
FNF:4
FNH:4
FNDA:7,(anonymous_0)
FNDA:3,(anonymous_1)
FNDA:3,(anonymous_2)
FNDA:2,(anonymous_3)
DA:20,1
DA:21,7
DA:22,7
DA:28,7
DA:29,3
DA:30,3
DA:31,3
DA:33,2
DA:34,2
DA:40,0
DA:43,1
DA:44,1
DA:45,1
DA:52,3
DA:55,7
LF:15
LH:14
BRDA:33,0,0,2
BRDA:33,0,1,0
BRDA:33,1,0,2
BRDA:33,1,1,2
BRF:4
BRH:3
end_of_record
TN:
SF:src/theme/colors.ts
FNF:0
FNH:0
LF:0
LH:0
BRF:0
BRH:0
end_of_record
TN:
SF:src/theme/fonts.ts
FNF:0
FNH:0
LF:0
LH:0
BRF:0
BRH:0
end_of_record
TN:
SF:src/theme/index.ts
FNF:0
FNH:0
LF:0
LH:0
BRF:0
BRH:0
end_of_record
TN:
SF:src/utils/responsive.ts
FN:9,RHValue
FN:26,RWValue
FNF:2
FNH:2
FNDA:33,RHValue
FNDA:10,RWValue
DA:4,2
DA:5,2
DA:6,2
DA:7,2
DA:11,33
DA:13,33
DA:19,33
DA:22,33
DA:23,33
DA:27,10
DA:28,10
DA:31,2
LF:12
LH:12
BRDA:11,0,0,0
BRDA:11,0,1,33
BRDA:13,1,0,0
BRDA:13,1,1,33
BRDA:15,2,0,33
BRDA:15,2,1,0
BRDA:19,3,0,0
BRDA:19,3,1,33
BRDA:19,4,0,33
BRDA:19,4,1,33
BRF:10
BRH:6
end_of_record
