TN:
SF:assets/images/index.ts
FNF:0
FNH:0
DA:1,2
LF:1
LH:1
BRF:0
BRH:0
end_of_record
TN:
SF:assets/images/logo.png
FNF:0
FNH:0
DA:1,2
LF:1
LH:1
BRF:0
BRH:0
end_of_record
TN:
SF:src/api/client.ts
FN:9,(anonymous_0)
FNF:1
FNH:1
FNDA:10,(anonymous_0)
DA:4,2
DA:9,2
DA:10,10
LF:3
LH:3
BRF:0
BRH:0
end_of_record
TN:
SF:src/api/index.ts
FNF:0
FNH:0
LF:0
LH:0
BRF:0
BRH:0
end_of_record
TN:
SF:src/api/requests.ts
FN:11,(anonymous_0)
FN:19,(anonymous_1)
FN:22,(anonymous_2)
FN:25,(anonymous_3)
FN:28,(anonymous_4)
FN:31,(anonymous_5)
FNF:6
FNH:6
FNDA:2,(anonymous_0)
FNDA:2,(anonymous_1)
FNDA:4,(anonymous_2)
FNDA:1,(anonymous_3)
FNDA:4,(anonymous_4)
FNDA:1,(anonymous_5)
DA:11,2
DA:16,2
DA:17,2
DA:19,2
DA:22,2
DA:23,4
DA:25,1
DA:28,2
DA:29,4
DA:31,1
LF:10
LH:10
BRF:0
BRH:0
end_of_record
TN:
SF:src/components/index.ts
FNF:0
FNH:0
LF:0
LH:0
BRF:0
BRH:0
end_of_record
TN:
SF:src/components/EmptyList/EmptyList.tsx
FN:7,(anonymous_0)
FNF:1
FNH:1
FNDA:2,(anonymous_0)
DA:7,3
DA:8,2
DA:22,3
LF:3
LH:3
BRF:0
BRH:0
end_of_record
TN:
SF:src/components/EmptyList/index.ts
FNF:0
FNH:0
LF:0
LH:0
BRF:0
BRH:0
end_of_record
TN:
SF:src/components/FallBacks/ErrorBoundary.tsx
FN:12,(anonymous_0)
FNF:1
FNH:0
FNDA:0,(anonymous_0)
DA:12,3
DA:14,0
DA:25,0
DA:37,3
LF:4
LH:2
BRDA:14,0,0,0
BRDA:14,0,1,0
BRF:2
BRH:0
end_of_record
TN:
SF:src/components/FallBacks/Suspense.tsx
FN:5,(anonymous_0)
FNF:1
FNH:0
FNDA:0,(anonymous_0)
DA:5,3
DA:6,0
DA:14,3
LF:3
LH:2
BRF:0
BRH:0
end_of_record
TN:
SF:src/components/FallBacks/index.ts
FNF:0
FNH:0
LF:0
LH:0
BRF:0
BRH:0
end_of_record
TN:
SF:src/components/Section/Section.tsx
FN:15,(anonymous_0)
FNF:1
FNH:1
FNDA:24,(anonymous_0)
DA:15,3
DA:16,24
LF:2
LH:2
BRDA:19,0,0,24
BRDA:19,0,1,24
BRF:2
BRH:2
end_of_record
TN:
SF:src/components/Section/index.ts
FNF:0
FNH:0
LF:0
LH:0
BRF:0
BRH:0
end_of_record
TN:
SF:src/components/Section/styles.ts
FNF:0
FNH:0
LF:0
LH:0
BRF:0
BRH:0
end_of_record
TN:
SF:src/components/UserCard/UserCard.tsx
FN:17,(anonymous_0)
FNF:1
FNH:1
FNDA:8,(anonymous_0)
DA:17,3
DA:24,8
LF:2
LH:2
BRDA:31,0,0,1
BRDA:31,0,1,7
BRF:2
BRH:2
end_of_record
TN:
SF:src/components/UserCard/index.ts
FNF:0
FNH:0
LF:0
LH:0
BRF:0
BRH:0
end_of_record
TN:
SF:src/components/UserCard/styles.ts
FNF:0
FNH:0
LF:0
LH:0
BRF:0
BRH:0
end_of_record
TN:
SF:src/screens/index.ts
FNF:0
FNH:0
LF:0
LH:0
BRF:0
BRH:0
end_of_record
TN:
SF:src/screens/Home/Home.tsx
FN:12,(anonymous_0)
FN:17,(anonymous_1)
FN:19,(anonymous_2)
FN:24,(anonymous_3)
FN:29,(anonymous_4)
FN:33,(anonymous_5)
FN:39,(anonymous_6)
FN:53,(anonymous_7)
FN:55,(anonymous_8)
FNF:9
FNH:7
FNDA:4,(anonymous_0)
FNDA:2,(anonymous_1)
FNDA:10,(anonymous_2)
FNDA:4,(anonymous_3)
FNDA:0,(anonymous_4)
FNDA:0,(anonymous_5)
FNDA:7,(anonymous_6)
FNDA:3,(anonymous_7)
FNDA:4,(anonymous_8)
DA:12,2
DA:13,4
DA:15,4
DA:17,2
DA:20,10
DA:24,4
DA:25,4
DA:29,0
DA:33,4
DA:34,0
DA:35,0
DA:39,4
DA:40,7
DA:43,4
DA:53,3
DA:55,4
LF:16
LH:13
BRDA:34,0,0,0
BRDA:34,0,1,0
BRDA:60,1,0,0
BRDA:60,1,1,4
BRF:4
BRH:1
end_of_record
TN:
SF:src/screens/Home/index.ts
FNF:0
FNH:0
LF:0
LH:0
BRF:0
BRH:0
end_of_record
TN:
SF:src/screens/Home/styles.ts
FNF:0
FNH:0
LF:0
LH:0
BRF:0
BRH:0
end_of_record
TN:
SF:src/screens/User/User.tsx
FN:15,(anonymous_0)
FN:21,(anonymous_1)
FN:23,(anonymous_2)
FN:27,(anonymous_3)
FN:84,(anonymous_4)
FN:112,(anonymous_5)
FN:140,(anonymous_6)
FNF:7
FNH:6
FNDA:6,(anonymous_0)
FNDA:4,(anonymous_1)
FNDA:4,(anonymous_2)
FNDA:6,(anonymous_3)
FNDA:0,(anonymous_4)
FNDA:2,(anonymous_5)
FNDA:2,(anonymous_6)
DA:15,2
DA:16,6
DA:17,6
DA:19,6
DA:21,4
DA:23,6
DA:24,4
DA:27,6
DA:28,6
DA:85,0
DA:113,2
DA:141,2
LF:12
LH:11
BRDA:34,0,0,0
BRDA:34,0,1,6
BRDA:51,1,0,6
BRDA:51,1,1,0
BRDA:70,2,0,6
BRDA:70,2,1,0
BRDA:75,3,0,6
BRDA:75,3,1,0
BRDA:82,4,0,0
BRDA:82,4,1,6
BRDA:106,5,0,5
BRDA:106,5,1,1
BRDA:134,6,0,5
BRDA:134,6,1,1
BRF:14
BRH:9
end_of_record
TN:
SF:src/screens/User/index.ts
FNF:0
FNH:0
LF:0
LH:0
BRF:0
BRH:0
end_of_record
TN:
SF:src/screens/User/styles.ts
FNF:0
FNH:0
LF:0
LH:0
BRF:0
BRH:0
end_of_record
TN:
SF:src/theme/colors.ts
FNF:0
FNH:0
LF:0
LH:0
BRF:0
BRH:0
end_of_record
TN:
SF:src/theme/fonts.ts
FNF:0
FNH:0
LF:0
LH:0
BRF:0
BRH:0
end_of_record
TN:
SF:src/theme/index.ts
FNF:0
FNH:0
LF:0
LH:0
BRF:0
BRH:0
end_of_record
TN:
SF:src/utils/index.ts
FNF:0
FNH:0
LF:0
LH:0
BRF:0
BRH:0
end_of_record
TN:
SF:src/utils/responsive.ts
FN:9,RHValue
FN:26,RWValue
FNF:2
FNH:2
FNDA:173,RHValue
FNDA:32,RWValue
DA:4,3
DA:5,3
DA:6,3
DA:7,3
DA:11,173
DA:13,173
DA:19,173
DA:22,173
DA:23,173
DA:27,32
DA:28,32
DA:31,3
LF:12
LH:12
BRDA:11,0,0,0
BRDA:11,0,1,173
BRDA:13,1,0,0
BRDA:13,1,1,173
BRDA:15,2,0,173
BRDA:15,2,1,0
BRDA:19,3,0,0
BRDA:19,3,1,173
BRDA:19,4,0,173
BRDA:19,4,1,173
BRF:10
BRH:6
end_of_record
TN:
SF:src/utils/toast.ts
FN:9,(anonymous_0)
FNF:1
FNH:0
FNDA:0,(anonymous_0)
DA:9,3
DA:14,0
LF:2
LH:1
BRDA:12,0,0,0
BRF:1
BRH:0
end_of_record
